<?xml version="1.0" encoding="UTF-8"?>
<!-- Generated by org.testng.reporters.JUnitXMLReporter -->
<testsuite ignored="0" hostname="EC2AMAZ-S11DBRH" failures="0" tests="4" name="ModuleTwoTest" time="0.071" errors="0" timestamp="2024-04-26T07:20:42 GMT">
  <testcase classname="parallelScripts.sample3" name="testFour" time="0.01"/>
  <testcase classname="parallelScripts.sample3" name="testOne" time="0.003"/>
  <testcase classname="parallelScripts.sample3" name="testThree" time="0.002"/>
  <testcase classname="parallelScripts.sample3" name="testTwo" time="0.002"/>
</testsuite> <!-- ModuleTwoTest -->
