<?xml version="1.0" encoding="UTF-8"?>
<!-- Generated by org.testng.reporters.JUnitXMLReporter -->
<testsuite ignored="0" hostname="EC2AMAZ-S11DBRH" failures="0" tests="3" name="ModuleOneTest" time="17.759" errors="0" timestamp="2024-04-26T04:50:43 GMT">
  <testcase classname="testScripts.GooglePageTest" name="javaSearchTest" time="3.515"/>
  <testcase classname="testScripts.GooglePageTest" name="seleniumSearchTest" time="5.012"/>
  <testcase classname="testScripts.LoginTest" name="login" time="5.282"/>
</testsuite> <!-- ModuleOneTest -->
