<?xml version="1.0" encoding="UTF-8"?>
<!-- Generated by org.testng.reporters.JUnitXMLReporter -->
<testsuite ignored="9" hostname="EC2AMAZ-S11DBRH" failures="0" tests="4" name="ModuleOneTest" time="0.079" errors="0" timestamp="2024-04-26T06:39:40 GMT">
  <testcase classname="testScripts.Sample1" name="testone" time="0.011"/>
  <testcase classname="testScripts.Sample1" name="testtwo" time="0.002"/>
  <testcase classname="testScripts.Sample2" name="onetestone" time="0.002"/>
  <testcase classname="testScripts.Sample2" name="twotesttwo" time="0.003"/>
  <testcase classname="testScripts.LoginTest" name="login" time="0.0">
    <ignored/>
  </testcase> <!-- login -->
  <testcase classname="testScripts.Sample1" name="testfour" time="0.0">
    <ignored/>
  </testcase> <!-- testfour -->
  <testcase classname="testScripts.GooglePageTest" name="javaSearchTest" time="0.0">
    <ignored/>
  </testcase> <!-- javaSearchTest -->
  <testcase classname="testScripts.GooglePageTest" name="seleniumSearchTest" time="0.0">
    <ignored/>
  </testcase> <!-- seleniumSearchTest -->
  <testcase classname="testScripts.Sample2" name="fourtestfour" time="0.0">
    <ignored/>
  </testcase> <!-- fourtestfour -->
  <testcase classname="testScripts.Sample2" name="threetestthree" time="0.0">
    <ignored/>
  </testcase> <!-- threetestthree -->
  <testcase classname="testScripts.GooglePageTest" name="appiumSearchTest" time="0.0">
    <ignored/>
  </testcase> <!-- appiumSearchTest -->
  <testcase classname="testScripts.Sample1" name="testthree" time="0.0">
    <ignored/>
  </testcase> <!-- testthree -->
  <testcase classname="testScripts.GooglePageTest" name="cucumberSearchTest" time="0.0">
    <ignored/>
  </testcase> <!-- cucumberSearchTest -->
</testsuite> <!-- ModuleOneTest -->
