<?xml version="1.0" encoding="UTF-8"?>
<!-- Generated by org.testng.reporters.JUnitXMLReporter -->
<testsuite ignored="1" hostname="EC2AMAZ-S11DBRH" failures="0" tests="3" name="Default test" time="16.117" errors="0" timestamp="2024-04-26T05:29:08 GMT">
  <testcase classname="testScripts.GooglePageTest" name="javaSearchTest" time="3.412"/>
  <testcase classname="testScripts.GooglePageTest" name="seleniumSearchTest" time="3.634"/>
  <testcase classname="testScripts.GooglePageTest" name="appiumSearchTest" time="3.72"/>
  <testcase classname="testScripts.GooglePageTest" name="cucumberSearchTest" time="0.0">
    <ignored/>
  </testcase> <!-- cucumberSearchTest -->
</testsuite> <!-- Default test -->
