<?xml version="1.0" encoding="UTF-8"?>
<!-- Generated by org.testng.reporters.JUnitXMLReporter -->
<testsuite ignored="0" hostname="EC2AMAZ-S11DBRH" failures="0" tests="4" name="Default test" time="0.061" errors="0" timestamp="2024-04-26T06:19:03 GMT">
  <testcase classname="testScripts.Sample2" name="fourtestfour" time="0.009"/>
  <testcase classname="testScripts.Sample2" name="onetestone" time="0.003"/>
  <testcase classname="testScripts.Sample2" name="threetestthree" time="0.002"/>
  <testcase classname="testScripts.Sample2" name="twotesttwo" time="0.001"/>
</testsuite> <!-- Default test -->
