<?xml version="1.0" encoding="UTF-8"?>
<testng-results retried="3" ignored="0" total="5" passed="1" failed="1" skipped="0">
  <reporter-output>
  </reporter-output>
  <suite started-at="2024-04-29T07:14:02 GMT" name="Default suite" finished-at="2024-04-29T07:14:27 GMT" duration-ms="25675">
    <groups>
    </groups>
    <test started-at="2024-04-29T07:14:02 GMT" name="Default test" finished-at="2024-04-29T07:14:27 GMT" duration-ms="25675">
      <class name="testScripts.TestwithExtentReport">
        <test-method is-config="true" signature="initExtent()[pri:0, instance:testScripts.TestwithExtentReport@2abf4075]" started-at="2024-04-29T07:14:02 GMT" name="initExtent" finished-at="2024-04-29T07:14:02 GMT" duration-ms="379" status="PASS">
          <reporter-output>
          </reporter-output>
        </test-method> <!-- initExtent -->
        <test-method is-config="true" signature="setup()[pri:0, instance:testScripts.TestwithExtentReport@2abf4075]" started-at="2024-04-29T07:14:02 GMT" name="setup" finished-at="2024-04-29T07:14:04 GMT" duration-ms="2257" status="PASS">
          <reporter-output>
          </reporter-output>
        </test-method> <!-- setup -->
        <test-method retried="true" signature="javaSearchTest()[pri:0, instance:testScripts.TestwithExtentReport@2abf4075]" started-at="2024-04-29T07:14:04 GMT" name="javaSearchTest" finished-at="2024-04-29T07:14:07 GMT" duration-ms="3189" status="SKIP">
          <exception class="java.lang.AssertionError">
            <message>
              <![CDATA[expected [Java Tutorial - Googlee Search] but found [Java Tutorial - Google Search]]]>
            </message>
            <full-stacktrace>
              <![CDATA[java.lang.AssertionError: expected [Java Tutorial - Googlee Search] but found [Java Tutorial - Google Search]
at org.testng.Assert.fail(Assert.java:99)
at org.testng.Assert.failNotEquals(Assert.java:1037)
at org.testng.Assert.assertEqualsImpl(Assert.java:140)
at org.testng.Assert.assertEquals(Assert.java:122)
at org.testng.Assert.assertEquals(Assert.java:629)
at org.testng.Assert.assertEquals(Assert.java:639)
at testScripts.TestwithExtentReport.javaSearchTest(TestwithExtentReport.java:64)
at java.base/jdk.internal.reflect.NativeMethodAccessorImpl.invoke0(Native Method)
at java.base/jdk.internal.reflect.NativeMethodAccessorImpl.invoke(NativeMethodAccessorImpl.java:78)
at java.base/jdk.internal.reflect.DelegatingMethodAccessorImpl.invoke(DelegatingMethodAccessorImpl.java:43)
at java.base/java.lang.reflect.Method.invoke(Method.java:567)
at org.testng.internal.MethodInvocationHelper.invokeMethod(MethodInvocationHelper.java:132)
at org.testng.internal.TestInvoker.invokeMethod(TestInvoker.java:599)
at org.testng.internal.TestInvoker.invokeTestMethod(TestInvoker.java:174)
at org.testng.internal.MethodRunner.runInSequence(MethodRunner.java:46)
at org.testng.internal.TestInvoker$MethodInvocationAgent.invoke(TestInvoker.java:822)
at org.testng.internal.TestInvoker.invokeTestMethods(TestInvoker.java:147)
at org.testng.internal.TestMethodWorker.invokeTestMethods(TestMethodWorker.java:146)
at org.testng.internal.TestMethodWorker.run(TestMethodWorker.java:128)
at java.base/java.util.ArrayList.forEach(ArrayList.java:1511)
at org.testng.TestRunner.privateRun(TestRunner.java:764)
at org.testng.TestRunner.run(TestRunner.java:585)
at org.testng.SuiteRunner.runTest(SuiteRunner.java:384)
at org.testng.SuiteRunner.runSequentially(SuiteRunner.java:378)
at org.testng.SuiteRunner.privateRun(SuiteRunner.java:337)
at org.testng.SuiteRunner.run(SuiteRunner.java:286)
at org.testng.SuiteRunnerWorker.runSuite(SuiteRunnerWorker.java:53)
at org.testng.SuiteRunnerWorker.run(SuiteRunnerWorker.java:96)
at org.testng.TestNG.runSuitesSequentially(TestNG.java:1218)
at org.testng.TestNG.runSuitesLocally(TestNG.java:1140)
at org.testng.TestNG.runSuites(TestNG.java:1069)
at org.testng.TestNG.run(TestNG.java:1037)
at org.testng.remote.AbstractRemoteTestNG.run(AbstractRemoteTestNG.java:115)
at org.testng.remote.RemoteTestNG.initAndRun(RemoteTestNG.java:251)
at org.testng.remote.RemoteTestNG.main(RemoteTestNG.java:77)
]]>
            </full-stacktrace>
          </exception> <!-- java.lang.AssertionError -->
          <reporter-output>
          </reporter-output>
        </test-method> <!-- javaSearchTest -->
        <test-method is-config="true" signature="teardown(org.testng.ITestResult)[pri:0, instance:testScripts.TestwithExtentReport@2abf4075]" started-at="2024-04-29T07:14:07 GMT" name="teardown" finished-at="2024-04-29T07:14:08 GMT" duration-ms="158" status="PASS">
          <params>
            <param index="0">
              <value>
                <![CDATA[[TestResult name=javaSearchTest status=SKIP method=TestwithExtentReport.javaSearchTest()[pri:0, instance:testScripts.TestwithExtentReport@2abf4075] output={null}]]]>
              </value>
            </param>
          </params>
          <reporter-output>
          </reporter-output>
        </test-method> <!-- teardown -->
        <test-method is-config="true" signature="setup()[pri:0, instance:testScripts.TestwithExtentReport@2abf4075]" started-at="2024-04-29T07:14:08 GMT" name="setup" finished-at="2024-04-29T07:14:09 GMT" duration-ms="1262" status="PASS">
          <reporter-output>
          </reporter-output>
        </test-method> <!-- setup -->
        <test-method retried="true" signature="javaSearchTest()[pri:0, instance:testScripts.TestwithExtentReport@2abf4075]" started-at="2024-04-29T07:14:09 GMT" name="javaSearchTest" finished-at="2024-04-29T07:14:12 GMT" duration-ms="3572" status="SKIP">
          <exception class="java.lang.AssertionError">
            <message>
              <![CDATA[expected [Java Tutorial - Googlee Search] but found [Java Tutorial - Google Search]]]>
            </message>
            <full-stacktrace>
              <![CDATA[java.lang.AssertionError: expected [Java Tutorial - Googlee Search] but found [Java Tutorial - Google Search]
at org.testng.Assert.fail(Assert.java:99)
at org.testng.Assert.failNotEquals(Assert.java:1037)
at org.testng.Assert.assertEqualsImpl(Assert.java:140)
at org.testng.Assert.assertEquals(Assert.java:122)
at org.testng.Assert.assertEquals(Assert.java:629)
at org.testng.Assert.assertEquals(Assert.java:639)
at testScripts.TestwithExtentReport.javaSearchTest(TestwithExtentReport.java:64)
at java.base/jdk.internal.reflect.NativeMethodAccessorImpl.invoke0(Native Method)
at java.base/jdk.internal.reflect.NativeMethodAccessorImpl.invoke(NativeMethodAccessorImpl.java:78)
at java.base/jdk.internal.reflect.DelegatingMethodAccessorImpl.invoke(DelegatingMethodAccessorImpl.java:43)
at java.base/java.lang.reflect.Method.invoke(Method.java:567)
at org.testng.internal.MethodInvocationHelper.invokeMethod(MethodInvocationHelper.java:132)
at org.testng.internal.TestInvoker.invokeMethod(TestInvoker.java:599)
at org.testng.internal.TestInvoker.retryFailed(TestInvoker.java:214)
at org.testng.internal.MethodRunner.runInSequence(MethodRunner.java:58)
at org.testng.internal.TestInvoker$MethodInvocationAgent.invoke(TestInvoker.java:822)
at org.testng.internal.TestInvoker.invokeTestMethods(TestInvoker.java:147)
at org.testng.internal.TestMethodWorker.invokeTestMethods(TestMethodWorker.java:146)
at org.testng.internal.TestMethodWorker.run(TestMethodWorker.java:128)
at java.base/java.util.ArrayList.forEach(ArrayList.java:1511)
at org.testng.TestRunner.privateRun(TestRunner.java:764)
at org.testng.TestRunner.run(TestRunner.java:585)
at org.testng.SuiteRunner.runTest(SuiteRunner.java:384)
at org.testng.SuiteRunner.runSequentially(SuiteRunner.java:378)
at org.testng.SuiteRunner.privateRun(SuiteRunner.java:337)
at org.testng.SuiteRunner.run(SuiteRunner.java:286)
at org.testng.SuiteRunnerWorker.runSuite(SuiteRunnerWorker.java:53)
at org.testng.SuiteRunnerWorker.run(SuiteRunnerWorker.java:96)
at org.testng.TestNG.runSuitesSequentially(TestNG.java:1218)
at org.testng.TestNG.runSuitesLocally(TestNG.java:1140)
at org.testng.TestNG.runSuites(TestNG.java:1069)
at org.testng.TestNG.run(TestNG.java:1037)
at org.testng.remote.AbstractRemoteTestNG.run(AbstractRemoteTestNG.java:115)
at org.testng.remote.RemoteTestNG.initAndRun(RemoteTestNG.java:251)
at org.testng.remote.RemoteTestNG.main(RemoteTestNG.java:77)
]]>
            </full-stacktrace>
          </exception> <!-- java.lang.AssertionError -->
          <reporter-output>
          </reporter-output>
        </test-method> <!-- javaSearchTest -->
        <test-method is-config="true" signature="teardown(org.testng.ITestResult)[pri:0, instance:testScripts.TestwithExtentReport@2abf4075]" started-at="2024-04-29T07:14:12 GMT" name="teardown" finished-at="2024-04-29T07:14:13 GMT" duration-ms="141" status="PASS">
          <params>
            <param index="0">
              <value>
                <![CDATA[[TestResult name=javaSearchTest status=SKIP method=TestwithExtentReport.javaSearchTest()[pri:0, instance:testScripts.TestwithExtentReport@2abf4075] output={null}]]]>
              </value>
            </param>
          </params>
          <reporter-output>
          </reporter-output>
        </test-method> <!-- teardown -->
        <test-method is-config="true" signature="setup()[pri:0, instance:testScripts.TestwithExtentReport@2abf4075]" started-at="2024-04-29T07:14:13 GMT" name="setup" finished-at="2024-04-29T07:14:14 GMT" duration-ms="1286" status="PASS">
          <reporter-output>
          </reporter-output>
        </test-method> <!-- setup -->
        <test-method retried="true" signature="javaSearchTest()[pri:0, instance:testScripts.TestwithExtentReport@2abf4075]" started-at="2024-04-29T07:14:14 GMT" name="javaSearchTest" finished-at="2024-04-29T07:14:17 GMT" duration-ms="3447" status="SKIP">
          <exception class="java.lang.AssertionError">
            <message>
              <![CDATA[expected [Java Tutorial - Googlee Search] but found [Java Tutorial - Google Search]]]>
            </message>
            <full-stacktrace>
              <![CDATA[java.lang.AssertionError: expected [Java Tutorial - Googlee Search] but found [Java Tutorial - Google Search]
at org.testng.Assert.fail(Assert.java:99)
at org.testng.Assert.failNotEquals(Assert.java:1037)
at org.testng.Assert.assertEqualsImpl(Assert.java:140)
at org.testng.Assert.assertEquals(Assert.java:122)
at org.testng.Assert.assertEquals(Assert.java:629)
at org.testng.Assert.assertEquals(Assert.java:639)
at testScripts.TestwithExtentReport.javaSearchTest(TestwithExtentReport.java:64)
at java.base/jdk.internal.reflect.NativeMethodAccessorImpl.invoke0(Native Method)
at java.base/jdk.internal.reflect.NativeMethodAccessorImpl.invoke(NativeMethodAccessorImpl.java:78)
at java.base/jdk.internal.reflect.DelegatingMethodAccessorImpl.invoke(DelegatingMethodAccessorImpl.java:43)
at java.base/java.lang.reflect.Method.invoke(Method.java:567)
at org.testng.internal.MethodInvocationHelper.invokeMethod(MethodInvocationHelper.java:132)
at org.testng.internal.TestInvoker.invokeMethod(TestInvoker.java:599)
at org.testng.internal.TestInvoker.retryFailed(TestInvoker.java:214)
at org.testng.internal.MethodRunner.runInSequence(MethodRunner.java:58)
at org.testng.internal.TestInvoker$MethodInvocationAgent.invoke(TestInvoker.java:822)
at org.testng.internal.TestInvoker.invokeTestMethods(TestInvoker.java:147)
at org.testng.internal.TestMethodWorker.invokeTestMethods(TestMethodWorker.java:146)
at org.testng.internal.TestMethodWorker.run(TestMethodWorker.java:128)
at java.base/java.util.ArrayList.forEach(ArrayList.java:1511)
at org.testng.TestRunner.privateRun(TestRunner.java:764)
at org.testng.TestRunner.run(TestRunner.java:585)
at org.testng.SuiteRunner.runTest(SuiteRunner.java:384)
at org.testng.SuiteRunner.runSequentially(SuiteRunner.java:378)
at org.testng.SuiteRunner.privateRun(SuiteRunner.java:337)
at org.testng.SuiteRunner.run(SuiteRunner.java:286)
at org.testng.SuiteRunnerWorker.runSuite(SuiteRunnerWorker.java:53)
at org.testng.SuiteRunnerWorker.run(SuiteRunnerWorker.java:96)
at org.testng.TestNG.runSuitesSequentially(TestNG.java:1218)
at org.testng.TestNG.runSuitesLocally(TestNG.java:1140)
at org.testng.TestNG.runSuites(TestNG.java:1069)
at org.testng.TestNG.run(TestNG.java:1037)
at org.testng.remote.AbstractRemoteTestNG.run(AbstractRemoteTestNG.java:115)
at org.testng.remote.RemoteTestNG.initAndRun(RemoteTestNG.java:251)
at org.testng.remote.RemoteTestNG.main(RemoteTestNG.java:77)
]]>
            </full-stacktrace>
          </exception> <!-- java.lang.AssertionError -->
          <reporter-output>
          </reporter-output>
        </test-method> <!-- javaSearchTest -->
        <test-method is-config="true" signature="teardown(org.testng.ITestResult)[pri:0, instance:testScripts.TestwithExtentReport@2abf4075]" started-at="2024-04-29T07:14:17 GMT" name="teardown" finished-at="2024-04-29T07:14:17 GMT" duration-ms="127" status="PASS">
          <params>
            <param index="0">
              <value>
                <![CDATA[[TestResult name=javaSearchTest status=SKIP method=TestwithExtentReport.javaSearchTest()[pri:0, instance:testScripts.TestwithExtentReport@2abf4075] output={null}]]]>
              </value>
            </param>
          </params>
          <reporter-output>
          </reporter-output>
        </test-method> <!-- teardown -->
        <test-method is-config="true" signature="setup()[pri:0, instance:testScripts.TestwithExtentReport@2abf4075]" started-at="2024-04-29T07:14:17 GMT" name="setup" finished-at="2024-04-29T07:14:19 GMT" duration-ms="1296" status="PASS">
          <reporter-output>
          </reporter-output>
        </test-method> <!-- setup -->
        <test-method signature="javaSearchTest()[pri:0, instance:testScripts.TestwithExtentReport@2abf4075]" started-at="2024-04-29T07:14:19 GMT" name="javaSearchTest" finished-at="2024-04-29T07:14:23 GMT" duration-ms="3844" status="FAIL">
          <exception class="java.lang.AssertionError">
            <message>
              <![CDATA[expected [Java Tutorial - Googlee Search] but found [Java Tutorial - Google Search]]]>
            </message>
            <full-stacktrace>
              <![CDATA[java.lang.AssertionError: expected [Java Tutorial - Googlee Search] but found [Java Tutorial - Google Search]
at org.testng.Assert.fail(Assert.java:99)
at org.testng.Assert.failNotEquals(Assert.java:1037)
at org.testng.Assert.assertEqualsImpl(Assert.java:140)
at org.testng.Assert.assertEquals(Assert.java:122)
at org.testng.Assert.assertEquals(Assert.java:629)
at org.testng.Assert.assertEquals(Assert.java:639)
at testScripts.TestwithExtentReport.javaSearchTest(TestwithExtentReport.java:64)
at java.base/jdk.internal.reflect.NativeMethodAccessorImpl.invoke0(Native Method)
at java.base/jdk.internal.reflect.NativeMethodAccessorImpl.invoke(NativeMethodAccessorImpl.java:78)
at java.base/jdk.internal.reflect.DelegatingMethodAccessorImpl.invoke(DelegatingMethodAccessorImpl.java:43)
at java.base/java.lang.reflect.Method.invoke(Method.java:567)
at org.testng.internal.MethodInvocationHelper.invokeMethod(MethodInvocationHelper.java:132)
at org.testng.internal.TestInvoker.invokeMethod(TestInvoker.java:599)
at org.testng.internal.TestInvoker.retryFailed(TestInvoker.java:214)
at org.testng.internal.MethodRunner.runInSequence(MethodRunner.java:58)
at org.testng.internal.TestInvoker$MethodInvocationAgent.invoke(TestInvoker.java:822)
at org.testng.internal.TestInvoker.invokeTestMethods(TestInvoker.java:147)
at org.testng.internal.TestMethodWorker.invokeTestMethods(TestMethodWorker.java:146)
at org.testng.internal.TestMethodWorker.run(TestMethodWorker.java:128)
at java.base/java.util.ArrayList.forEach(ArrayList.java:1511)
at org.testng.TestRunner.privateRun(TestRunner.java:764)
at org.testng.TestRunner.run(TestRunner.java:585)
at org.testng.SuiteRunner.runTest(SuiteRunner.java:384)
at org.testng.SuiteRunner.runSequentially(SuiteRunner.java:378)
at org.testng.SuiteRunner.privateRun(SuiteRunner.java:337)
at org.testng.SuiteRunner.run(SuiteRunner.java:286)
at org.testng.SuiteRunnerWorker.runSuite(SuiteRunnerWorker.java:53)
at org.testng.SuiteRunnerWorker.run(SuiteRunnerWorker.java:96)
at org.testng.TestNG.runSuitesSequentially(TestNG.java:1218)
at org.testng.TestNG.runSuitesLocally(TestNG.java:1140)
at org.testng.TestNG.runSuites(TestNG.java:1069)
at org.testng.TestNG.run(TestNG.java:1037)
at org.testng.remote.AbstractRemoteTestNG.run(AbstractRemoteTestNG.java:115)
at org.testng.remote.RemoteTestNG.initAndRun(RemoteTestNG.java:251)
at org.testng.remote.RemoteTestNG.main(RemoteTestNG.java:77)
]]>
            </full-stacktrace>
          </exception> <!-- java.lang.AssertionError -->
          <reporter-output>
          </reporter-output>
        </test-method> <!-- javaSearchTest -->
        <test-method is-config="true" signature="teardown(org.testng.ITestResult)[pri:0, instance:testScripts.TestwithExtentReport@2abf4075]" started-at="2024-04-29T07:14:23 GMT" name="teardown" finished-at="2024-04-29T07:14:23 GMT" duration-ms="316" status="PASS">
          <params>
            <param index="0">
              <value>
                <![CDATA[[TestResult name=javaSearchTest status=FAILURE method=TestwithExtentReport.javaSearchTest()[pri:0, instance:testScripts.TestwithExtentReport@2abf4075] output={null}]]]>
              </value>
            </param>
          </params>
          <reporter-output>
          </reporter-output>
        </test-method> <!-- teardown -->
        <test-method is-config="true" signature="setup()[pri:0, instance:testScripts.TestwithExtentReport@2abf4075]" started-at="2024-04-29T07:14:23 GMT" name="setup" finished-at="2024-04-29T07:14:24 GMT" duration-ms="1232" status="PASS">
          <reporter-output>
          </reporter-output>
        </test-method> <!-- setup -->
        <test-method signature="seleniumSearchTest()[pri:0, instance:testScripts.TestwithExtentReport@2abf4075]" started-at="2024-04-29T07:14:24 GMT" name="seleniumSearchTest" finished-at="2024-04-29T07:14:27 GMT" duration-ms="2540" status="PASS">
          <reporter-output>
          </reporter-output>
        </test-method> <!-- seleniumSearchTest -->
        <test-method is-config="true" signature="teardown(org.testng.ITestResult)[pri:0, instance:testScripts.TestwithExtentReport@2abf4075]" started-at="2024-04-29T07:14:27 GMT" name="teardown" finished-at="2024-04-29T07:14:27 GMT" duration-ms="128" status="PASS">
          <params>
            <param index="0">
              <value>
                <![CDATA[[TestResult name=seleniumSearchTest status=SUCCESS method=TestwithExtentReport.seleniumSearchTest()[pri:0, instance:testScripts.TestwithExtentReport@2abf4075] output={null}]]]>
              </value>
            </param>
          </params>
          <reporter-output>
          </reporter-output>
        </test-method> <!-- teardown -->
        <test-method is-config="true" signature="flushReport()[pri:0, instance:testScripts.TestwithExtentReport@2abf4075]" started-at="2024-04-29T07:14:27 GMT" name="flushReport" finished-at="2024-04-29T07:14:27 GMT" duration-ms="451" status="PASS">
          <reporter-output>
          </reporter-output>
        </test-method> <!-- flushReport -->
      </class> <!-- testScripts.TestwithExtentReport -->
    </test> <!-- Default test -->
  </suite> <!-- Default suite -->
</testng-results>
