<?xml version="1.0" encoding="UTF-8"?>
<testng-results ignored="0" total="12" passed="11" failed="1" skipped="0">
  <reporter-output>
  </reporter-output>
  <suite started-at="2024-04-26T07:32:23 GMT" name="mytestsuite" finished-at="2024-04-26T07:32:29 GMT" duration-ms="6619">
    <groups>
    </groups>
    <test started-at="2024-04-26T07:32:23 GMT" name="ModuleOneTest" finished-at="2024-04-26T07:32:29 GMT" duration-ms="6619">
      <class name="parallelScripts.sample3">
        <test-method signature="testThree()[pri:0, instance:parallelScripts.sample3@4e268090]" started-at="2024-04-26T07:32:23 GMT" name="testThree" finished-at="2024-04-26T07:32:23 GMT" duration-ms="38" status="PASS">
          <reporter-output>
          </reporter-output>
        </test-method> <!-- testThree -->
        <test-method signature="testOne()[pri:0, instance:parallelScripts.sample3@4e268090]" started-at="2024-04-26T07:32:23 GMT" name="testOne" finished-at="2024-04-26T07:32:23 GMT" duration-ms="15" status="PASS">
          <reporter-output>
          </reporter-output>
        </test-method> <!-- testOne -->
        <test-method signature="testFour()[pri:0, instance:parallelScripts.sample3@4e268090]" started-at="2024-04-26T07:32:23 GMT" name="testFour" finished-at="2024-04-26T07:32:23 GMT" duration-ms="32" status="PASS">
          <reporter-output>
          </reporter-output>
        </test-method> <!-- testFour -->
        <test-method signature="testTwo()[pri:0, instance:parallelScripts.sample3@4e268090]" started-at="2024-04-26T07:32:23 GMT" name="testTwo" finished-at="2024-04-26T07:32:23 GMT" duration-ms="60" status="PASS">
          <reporter-output>
          </reporter-output>
        </test-method> <!-- testTwo -->
      </class> <!-- parallelScripts.sample3 -->
      <class name="parallelScripts.sample2">
        <test-method signature="testFour()[pri:0, instance:parallelScripts.sample2@37858383]" started-at="2024-04-26T07:32:23 GMT" name="testFour" finished-at="2024-04-26T07:32:23 GMT" duration-ms="43" status="PASS">
          <reporter-output>
          </reporter-output>
        </test-method> <!-- testFour -->
        <test-method signature="testOne()[pri:0, instance:parallelScripts.sample2@37858383]" started-at="2024-04-26T07:32:23 GMT" name="testOne" finished-at="2024-04-26T07:32:23 GMT" duration-ms="59" status="PASS">
          <reporter-output>
          </reporter-output>
        </test-method> <!-- testOne -->
        <test-method signature="testTwo()[pri:0, instance:parallelScripts.sample2@37858383]" started-at="2024-04-26T07:32:23 GMT" name="testTwo" finished-at="2024-04-26T07:32:23 GMT" duration-ms="26" status="PASS">
          <reporter-output>
          </reporter-output>
        </test-method> <!-- testTwo -->
        <test-method signature="testThree()[pri:0, instance:parallelScripts.sample2@37858383]" started-at="2024-04-26T07:32:23 GMT" name="testThree" finished-at="2024-04-26T07:32:23 GMT" duration-ms="16" status="PASS">
          <reporter-output>
          </reporter-output>
        </test-method> <!-- testThree -->
      </class> <!-- parallelScripts.sample2 -->
      <class name="parallelScripts.sample1">
        <test-method signature="testTwo()[pri:0, instance:parallelScripts.sample1@776b83cc]" started-at="2024-04-26T07:32:23 GMT" name="testTwo" finished-at="2024-04-26T07:32:29 GMT" duration-ms="6558" status="PASS">
          <reporter-output>
          </reporter-output>
        </test-method> <!-- testTwo -->
        <test-method signature="testOne()[pri:0, instance:parallelScripts.sample1@776b83cc]" started-at="2024-04-26T07:32:23 GMT" name="testOne" finished-at="2024-04-26T07:32:29 GMT" duration-ms="6231" status="FAIL">
          <exception class="java.lang.AssertionError">
            <message>
              <![CDATA[expected [Java Tutorial - Google Search] but found []]]>
            </message>
            <full-stacktrace>
              <![CDATA[java.lang.AssertionError: expected [Java Tutorial - Google Search] but found []
at org.testng.Assert.fail(Assert.java:99)
at org.testng.Assert.failNotEquals(Assert.java:1037)
at org.testng.Assert.assertEqualsImpl(Assert.java:140)
at org.testng.Assert.assertEquals(Assert.java:122)
at org.testng.Assert.assertEquals(Assert.java:629)
at org.testng.Assert.assertEquals(Assert.java:639)
at parallelScripts.sample1.testOne(sample1.java:22)
at java.base/jdk.internal.reflect.NativeMethodAccessorImpl.invoke0(Native Method)
at java.base/jdk.internal.reflect.NativeMethodAccessorImpl.invoke(NativeMethodAccessorImpl.java:78)
at java.base/jdk.internal.reflect.DelegatingMethodAccessorImpl.invoke(DelegatingMethodAccessorImpl.java:43)
at java.base/java.lang.reflect.Method.invoke(Method.java:567)
at org.testng.internal.MethodInvocationHelper.invokeMethod(MethodInvocationHelper.java:132)
at org.testng.internal.TestInvoker.invokeMethod(TestInvoker.java:599)
at org.testng.internal.TestInvoker.invokeTestMethod(TestInvoker.java:174)
at org.testng.internal.MethodRunner.runInSequence(MethodRunner.java:46)
at org.testng.internal.TestInvoker$MethodInvocationAgent.invoke(TestInvoker.java:822)
at org.testng.internal.TestInvoker.invokeTestMethods(TestInvoker.java:147)
at org.testng.internal.TestMethodWorker.invokeTestMethods(TestMethodWorker.java:146)
at org.testng.internal.TestMethodWorker.run(TestMethodWorker.java:128)
at java.base/java.util.concurrent.ThreadPoolExecutor.runWorker(ThreadPoolExecutor.java:1130)
at java.base/java.util.concurrent.ThreadPoolExecutor$Worker.run(ThreadPoolExecutor.java:630)
at java.base/java.lang.Thread.run(Thread.java:831)
]]>
            </full-stacktrace>
          </exception> <!-- java.lang.AssertionError -->
          <reporter-output>
          </reporter-output>
        </test-method> <!-- testOne -->
        <test-method signature="testFour()[pri:0, instance:parallelScripts.sample1@776b83cc]" started-at="2024-04-26T07:32:23 GMT" name="testFour" finished-at="2024-04-26T07:32:23 GMT" duration-ms="54" status="PASS">
          <reporter-output>
          </reporter-output>
        </test-method> <!-- testFour -->
        <test-method signature="testThree()[pri:0, instance:parallelScripts.sample1@776b83cc]" started-at="2024-04-26T07:32:23 GMT" name="testThree" finished-at="2024-04-26T07:32:23 GMT" duration-ms="13" status="PASS">
          <reporter-output>
          </reporter-output>
        </test-method> <!-- testThree -->
      </class> <!-- parallelScripts.sample1 -->
    </test> <!-- ModuleOneTest -->
  </suite> <!-- mytestsuite -->
</testng-results>
